<?xml version="1.0" encoding="UTF-8"?>
<!-- Generated by org.testng.reporters.JUnitXMLReporter -->
<testsuite ignored="0" hostname="Lucky" failures="0" tests="1" name="Default test" time="0.101" errors="0" timestamp="2023-06-27T22:25:45 IST">
  <testcase classname="Tasts.BaseTest" name="@BeforeSuite loadPropertyFile" time="0.013">
    <failure type="java.lang.RuntimeException" message="Unable to find config.properties file : C:\CST 53\Eclips\R15/src/test/resources/config/config.properties">
      <![CDATA[java.lang.RuntimeException: Unable to find config.properties file : C:\CST 53\Eclips\R15/src/test/resources/config/config.properties
at com.cs.ReadProperties.ReadPropertiesFile.readPropertyFile(ReadPropertiesFile.java:18)
at Tasts.BaseTest.loadPropertyFile(BaseTest.java:19)
at java.base/jdk.internal.reflect.DirectMethodHandleAccessor.invoke(DirectMethodHandleAccessor.java:104)
at java.base/java.lang.reflect.Method.invoke(Method.java:578)
at org.testng.internal.MethodInvocationHelper.invokeMethod(MethodInvocationHelper.java:133)
at org.testng.internal.MethodInvocationHelper.invokeMethodConsideringTimeout(MethodInvocationHelper.java:62)
at org.testng.internal.ConfigInvoker.invokeConfigurationMethod(ConfigInvoker.java:385)
at org.testng.internal.ConfigInvoker.invokeConfigurations(ConfigInvoker.java:321)
at org.testng.SuiteRunner.privateRun(SuiteRunner.java:317)
at org.testng.SuiteRunner.run(SuiteRunner.java:276)
at org.testng.SuiteRunnerWorker.runSuite(SuiteRunnerWorker.java:53)
at org.testng.SuiteRunnerWorker.run(SuiteRunnerWorker.java:96)
at org.testng.TestNG.runSuitesSequentially(TestNG.java:1212)
at org.testng.TestNG.runSuitesLocally(TestNG.java:1134)
at org.testng.TestNG.runSuites(TestNG.java:1063)
at org.testng.TestNG.run(TestNG.java:1031)
at org.testng.remote.AbstractRemoteTestNG.run(AbstractRemoteTestNG.java:115)
at org.testng.remote.RemoteTestNG.initAndRun(RemoteTestNG.java:251)
at org.testng.remote.RemoteTestNG.main(RemoteTestNG.java:77)
]]>
    </failure>
  </testcase> <!-- @BeforeSuite loadPropertyFile -->
  <testcase classname="Tasts.BaseTest" name="@BeforeMethod tearUp" time="-1.687884945166E9">
    <skipped/>
  </testcase> <!-- @BeforeMethod tearUp -->
  <testcase classname="Tasts.BaseTest" name="@AfterMethod tearDown" time="-1.687884945183E9">
    <skipped/>
  </testcase> <!-- @AfterMethod tearDown -->
  <testcase classname="Tasts.LoginTest" name="verifyLoginTitle" time="0.0">
    <skipped/>
  </testcase> <!-- verifyLoginTitle -->
</testsuite> <!-- Default test -->
